<?xml version="1.0" encoding="UTF-8"?>
<!-- Generated by org.testng.reporters.JUnitXMLReporter -->
<testsuite ignored="0" hostname="LAPTOP-KAR4A207" failures="1" tests="3" name="Error Validations " time="23.159" errors="0" timestamp="2024-11-30T13:07:22 IST">
  <testcase classname="Santhosh.tests.ErrorValidationsTest" name="LoginErrorValidation" time="1.054">
    <skipped/>
  </testcase> <!-- LoginErrorValidation -->
  <testcase classname="Santhosh.tests.ErrorValidationsTest" name="LoginErrorValidation" time="0.452">
    <failure type="java.lang.AssertionError" message="expected [Incorrect email or password.] but found [Incorrect email password.]">
      <![CDATA[java.lang.AssertionError: expected [Incorrect email or password.] but found [Incorrect email password.]
at Santhosh.tests.ErrorValidationsTest.LoginErrorValidation(ErrorValidationsTest.java:34)
at java.base/java.util.ArrayList.forEach(ArrayList.java:1511)
at java.base/java.util.concurrent.FutureTask.run(FutureTask.java:264)
at java.base/java.util.concurrent.ThreadPoolExecutor.runWorker(ThreadPoolExecutor.java:1136)
at java.base/java.util.concurrent.ThreadPoolExecutor$Worker.run(ThreadPoolExecutor.java:635)
at java.base/java.lang.Thread.run(Thread.java:842)
... Removed 24 stack frames]]>
    </failure>
  </testcase> <!-- LoginErrorValidation -->
  <testcase classname="Santhosh.tests.ErrorValidationsTest" name="productErrorValidation" time="3.135"/>
</testsuite> <!-- Error Validations  -->
